<?xml version="1.0" encoding="UTF-8"?>
<testng-results skipped="0" failed="0" ignored="0" total="2" passed="2">
  <reporter-output>
  </reporter-output>
  <suite name="Default suite" duration-ms="4579" started-at="2019-11-27T00:55:13Z" finished-at="2019-11-27T00:55:18Z">
    <groups>
    </groups>
    <test name="Default test" duration-ms="4579" started-at="2019-11-27T00:55:13Z" finished-at="2019-11-27T00:55:18Z">
      <class name="getRequest.GetData">
        <test-method status="PASS" signature="test()[pri:0, instance:getRequest.GetData@1b604f19]" name="test" duration-ms="2485" started-at="2019-11-27T00:55:13Z" finished-at="2019-11-27T00:55:16Z">
          <reporter-output>
          </reporter-output>
        </test-method> <!-- test -->
        <test-method status="PASS" signature="test1()[pri:0, instance:getRequest.GetData@1b604f19]" name="test1" duration-ms="2046" started-at="2019-11-27T00:55:16Z" finished-at="2019-11-27T00:55:18Z">
          <reporter-output>
          </reporter-output>
        </test-method> <!-- test1 -->
      </class> <!-- getRequest.GetData -->
    </test> <!-- Default test -->
  </suite> <!-- Default suite -->
</testng-results>
